2021-04-30 13:56:10,216 - INFO - allennlp.common.params - random_seed = 13370
2021-04-30 13:56:10,216 - INFO - allennlp.common.params - numpy_seed = 1337
2021-04-30 13:56:10,216 - INFO - allennlp.common.params - pytorch_seed = 133
2021-04-30 13:56:10,218 - INFO - allennlp.common.checks - Pytorch version: 1.7.1
2021-04-30 13:56:10,218 - INFO - allennlp.common.params - type = default
2021-04-30 13:56:10,218 - INFO - allennlp.common.params - dataset_reader.type = toxic
2021-04-30 13:56:10,219 - INFO - allennlp.common.params - dataset_reader.max_length = 5000
2021-04-30 13:56:10,219 - INFO - allennlp.common.params - dataset_reader.tokenizer = None
2021-04-30 13:56:10,219 - INFO - allennlp.common.params - dataset_reader.token_indexers = None
2021-04-30 13:56:10,219 - INFO - allennlp.common.params - dataset_reader.fill_in_empty_labels = False
2021-04-30 13:56:10,859 - INFO - allennlp.common.params - train_data_path = data/toxic/train.csv
2021-04-30 13:56:10,860 - INFO - allennlp.common.params - vocabulary = <allennlp.common.lazy.Lazy object at 0x15900ee80>
2021-04-30 13:56:10,860 - INFO - allennlp.common.params - datasets_for_vocab_creation = None
2021-04-30 13:56:10,860 - INFO - allennlp.common.params - validation_dataset_reader = None
2021-04-30 13:56:10,860 - INFO - allennlp.common.params - validation_data_path = data/toxic/val.csv
2021-04-30 13:56:10,860 - INFO - allennlp.common.params - validation_data_loader = None
2021-04-30 13:56:10,860 - INFO - allennlp.common.params - test_data_path = data/toxic/test.csv
2021-04-30 13:56:10,860 - INFO - allennlp.common.params - evaluate_on_test = False
2021-04-30 13:56:10,860 - INFO - allennlp.common.params - batch_weight_key = 
2021-04-30 13:56:10,860 - INFO - allennlp.common.params - data_loader.type = multiprocess
2021-04-30 13:56:10,861 - INFO - allennlp.common.params - data_loader.batch_size = 64
2021-04-30 13:56:10,861 - INFO - allennlp.common.params - data_loader.drop_last = False
2021-04-30 13:56:10,861 - INFO - allennlp.common.params - data_loader.shuffle = False
2021-04-30 13:56:10,861 - INFO - allennlp.common.params - data_loader.batch_sampler = None
2021-04-30 13:56:10,861 - INFO - allennlp.common.params - data_loader.batches_per_epoch = None
2021-04-30 13:56:10,861 - INFO - allennlp.common.params - data_loader.num_workers = 0
2021-04-30 13:56:10,861 - INFO - allennlp.common.params - data_loader.max_instances_in_memory = None
2021-04-30 13:56:10,861 - INFO - allennlp.common.params - data_loader.start_method = fork
2021-04-30 13:56:10,861 - INFO - allennlp.common.params - data_loader.cuda_device = None
2021-04-30 13:56:10,861 - INFO - allennlp.common.params - data_loader.quiet = False
2021-04-30 13:56:10,868 - INFO - tqdm - loading instances: 0it [00:00, ?it/s]
2021-04-30 13:56:20,930 - INFO - tqdm - loading instances: 662it [00:10, 48.25it/s]
2021-04-30 13:56:30,948 - INFO - tqdm - loading instances: 1361it [00:20, 78.16it/s]
2021-04-30 13:56:40,975 - INFO - tqdm - loading instances: 2138it [00:30, 85.55it/s]
2021-04-30 13:56:51,025 - INFO - tqdm - loading instances: 2833it [00:40, 50.27it/s]
2021-04-30 13:57:01,180 - INFO - tqdm - loading instances: 3549it [00:50, 65.29it/s]
2021-04-30 13:57:11,230 - INFO - tqdm - loading instances: 4250it [01:00, 62.03it/s]
2021-04-30 13:57:21,241 - INFO - tqdm - loading instances: 4995it [01:10, 56.11it/s]
2021-04-30 13:57:31,292 - INFO - tqdm - loading instances: 5717it [01:20, 101.74it/s]
2021-04-30 13:57:41,306 - INFO - tqdm - loading instances: 6487it [01:30, 87.99it/s]
2021-04-30 13:57:51,321 - INFO - tqdm - loading instances: 7207it [01:40, 46.09it/s]
2021-04-30 13:58:01,349 - INFO - tqdm - loading instances: 7973it [01:50, 77.98it/s]
2021-04-30 13:58:11,424 - INFO - tqdm - loading instances: 8740it [02:00, 64.94it/s]
2021-04-30 13:58:21,480 - INFO - tqdm - loading instances: 9400it [02:10, 69.14it/s]
2021-04-30 13:58:31,585 - INFO - tqdm - loading instances: 10020it [02:20, 67.89it/s]
2021-04-30 13:58:41,631 - INFO - tqdm - loading instances: 10625it [02:30, 60.79it/s]
2021-04-30 13:58:51,819 - INFO - tqdm - loading instances: 11263it [02:40, 50.68it/s]
2021-04-30 13:59:01,982 - INFO - tqdm - loading instances: 12020it [02:51, 68.48it/s]
2021-04-30 13:59:12,115 - INFO - tqdm - loading instances: 12892it [03:01, 68.94it/s]
2021-04-30 13:59:22,229 - INFO - tqdm - loading instances: 13663it [03:11, 73.33it/s]
2021-04-30 13:59:32,319 - INFO - tqdm - loading instances: 14409it [03:21, 82.75it/s]
2021-04-30 13:59:42,375 - INFO - tqdm - loading instances: 15210it [03:31, 83.27it/s]
2021-04-30 13:59:52,519 - INFO - tqdm - loading instances: 16044it [03:41, 94.95it/s]
2021-04-30 14:00:02,656 - INFO - tqdm - loading instances: 16821it [03:51, 80.17it/s]
